Vivado Simulator 2016.4
Time resolution is 1 ps
122826437706934254718052630075425296048760351568091634598149826
WARNING: Data truncated while reading Datafile: game_palette.mem, while loading at index: 0
WARNING: Data truncated while reading Datafile: game_palette.mem, while loading at index: 1
WARNING: Data truncated while reading Datafile: game_palette.mem, while loading at index: 2
WARNING: Data truncated while reading Datafile: game_palette.mem, while loading at index: 3
WARNING: Data truncated while reading Datafile: game_palette.mem, while loading at index: 4
WARNING: Data truncated while reading Datafile: game_palette.mem, while loading at index: 5
WARNING: Data truncated while reading Datafile: game_palette.mem, while loading at index: 6
WARNING: Data truncated while reading Datafile: game_palette.mem, while loading at index: 7
WARNING: Data truncated while reading Datafile: game_palette.mem, while loading at index: 8
WARNING: Data truncated while reading Datafile: game_palette.mem, while loading at index: 9
WARNING: Data truncated while reading Datafile: game_palette.mem, while loading at index: 10
WARNING: Data truncated while reading Datafile: game_palette.mem, while loading at index: 11
WARNING: Data truncated while reading Datafile: game_palette.mem, while loading at index: 12
WARNING: Data truncated while reading Datafile: game_palette.mem, while loading at index: 13
WARNING: Data truncated while reading Datafile: game_palette.mem, while loading at index: 14
WARNING: Data truncated while reading Datafile: game_palette.mem, while loading at index: 15
WARNING: Data truncated while reading Datafile: game_palette.mem, while loading at index: 16
WARNING: Data truncated while reading Datafile: game_palette.mem, while loading at index: 17
WARNING: Data truncated while reading Datafile: game_palette.mem, while loading at index: 18
WARNING: Data truncated while reading Datafile: game_palette.mem, while loading at index: 19
WARNING: Data truncated while reading Datafile: game_palette.mem, while loading at index: 20
WARNING: Data truncated while reading Datafile: game_palette.mem, while loading at index: 21
WARNING: Data truncated while reading Datafile: game_palette.mem, while loading at index: 22
WARNING: Data truncated while reading Datafile: game_palette.mem, while loading at index: 23
WARNING: Data truncated while reading Datafile: game_palette.mem, while loading at index: 24
WARNING: Data truncated while reading Datafile: game_palette.mem, while loading at index: 25
WARNING: Data truncated while reading Datafile: game_palette.mem, while loading at index: 26
WARNING: Data truncated while reading Datafile: game_palette.mem, while loading at index: 27
WARNING: Data truncated while reading Datafile: game_palette.mem, while loading at index: 28
WARNING: Data truncated while reading Datafile: game_palette.mem, while loading at index: 29
WARNING: Data truncated while reading Datafile: game_palette.mem, while loading at index: 30
WARNING: Data truncated while reading Datafile: game_palette.mem, while loading at index: 31
WARNING: Data truncated while reading Datafile: game_palette.mem, while loading at index: 32
WARNING: Data truncated while reading Datafile: game_palette.mem, while loading at index: 33
WARNING: Data truncated while reading Datafile: game_palette.mem, while loading at index: 34
WARNING: Data truncated while reading Datafile: game_palette.mem, while loading at index: 35
WARNING: Data truncated while reading Datafile: game_palette.mem, while loading at index: 36
WARNING: Data truncated while reading Datafile: game_palette.mem, while loading at index: 37
WARNING: Data truncated while reading Datafile: game_palette.mem, while loading at index: 38
WARNING: Data truncated while reading Datafile: game_palette.mem, while loading at index: 39
WARNING: Data truncated while reading Datafile: game_palette.mem, while loading at index: 40
WARNING: Data truncated while reading Datafile: game_palette.mem, while loading at index: 41
WARNING: Data truncated while reading Datafile: game_palette.mem, while loading at index