
*** Running vivado
    with args -log clk_wiz_0.vds -m64 -product Vivado -mode batch -messageDb vivado.pb -notrace -source clk_wiz_0.tcl


****** Vivado v2016.4 (64-bit)
  **** SW Build 1756540 on Mon Jan 23 19:11:23 MST 2017
  **** IP Build 1755317 on Mon Jan 23 20:30:07 MST 2017
    ** Copyright 1986-2016 Xilinx, Inc. All Rights Reserved.

source clk_wiz_0.tcl -notrace
Starting RTL Elaboration : Time (s): cpu = 00:00:06 ; elapsed = 00:00:17 . Memory (MB): peak = 304.297 ; gain = 93.723
INFO: [Synth 8-638] synthesizing module 'clk_wiz_0' [z:/demo/demo.srcs/sources_1/ip/clk_wiz_0/clk_wiz_0.v:70]
INFO: [Synth 8-638] synthesizing module 'clk_wiz_0_clk_wiz' [z:/demo/demo.srcs/sources_1/ip/clk_wiz_0/clk_wiz_0_clk_wiz.v:68]
INFO: [Synth 8-638] synthesizing module 'IBUF' [C:/Xilinx/Vivado/2016.4/scripts/rt/data/unisim_comp.v:14146]
INFO: [Synth 8-256] done synthesizing module 'IBUF' (1#1) [C:/Xilinx/Vivado/2016.4/scripts/rt/data/unisim_comp.v:14146]
INFO: [Synth 8-638] synthesizing module 'MMCME2_ADV' [C:/Xilinx/Vivado/2016.4/scripts/rt/data/unisim_comp.v:20414]
INFO: [Synth 8-256] done synthesizing module 'MMCME2_ADV' (2#1) [C:/Xilinx/Vivado/2016.4/scripts/rt/data/unisim_comp.v:20414]
INFO: [Synth 8-638] synthesizing module 'BUFG' [C:/Xilinx/Vivado/2016.4/scripts/rt/data/unisim_comp.v:607]
INFO: [Synth 8-256] done synthesizing module 'BUFG' (3#1) [C:/Xilinx/Vivado/2016.4/scripts/rt/data/unisim_comp.v:607]
INFO: [Synth 8-256] done synthesizing module 'clk_wiz_0_clk_wiz' (4#1) [z:/demo/demo.srcs/sources_1/ip/clk_wiz_0/clk_wiz_0_clk_wiz.v:68]
INFO: [Synth 8-256] done synthesizing module 'clk_wiz_0' (5#1) [z:/demo/demo.srcs/sources_1/ip/clk_wiz_0/clk_wiz_0.v:70]
Finished RTL Elaboration : Time (s): cpu = 00:00:07 ; elapsed = 00:00:18 . Memory (MB): peak = 341.719 ; gain = 131.145
Finished RTL Optimization Phase 1 : Time (s): cpu = 00:00:07 ; elapsed = 00:00:18 . Memory (MB): peak = 341.719 ; gain = 131.145
INFO: [Device 21-403] Loading part xc7a100tcsg324-1
Constraint Validation Runtime : Time (s): cpu = 00:00:00 ; elapsed = 00:00:00.033 . Memory (MB): peak = 564.469 ; gain = 0.000
Finished Constraint Validation : Time (s): cpu = 00:00:16 ; elapsed = 00:00:30 . Memory (MB): peak = 564.469 ; gain = 353.895
Finished Loading Part and Timing Information : Time (s): cpu = 00:00:16 ; elapsed = 00:00:30 . Memory (MB): peak = 564.469 ; gain = 353.895
Finished applying 'set_property' XDC Constraints : Time (s): cpu = 00:00:16 ; elapsed = 00:00:30 . Memory (MB): peak = 564.469 ; gain = 353.895
Finished RTL Optimization Phase 2 : Time (s): cpu = 00:00:16 ; elapsed = 00:00:30 . Memory (MB): peak = 564.469 ; gain = 353.895
Finished Cross Boundary and Area Optimization : Time (s): cpu = 00:00:17 ; elapsed = 00:00:31 . Memory (MB): peak = 564.469 ; gain = 353.895
Finished Applying XDC Timing Constraints : Time (s): cpu = 00:00:28 ; elapsed = 00:00:42 . Memory (MB): peak = 580.289 ; gain = 369.715
Finished Timing Optimization : Time (s): cpu = 00:00:28 ; elapsed = 00:00:42 . Memory (MB): peak = 580.289 ; gain = 369.715
Finished Technology Mapping : Time (s): cpu = 00:00:28 ; elapsed = 00:00:42 . Memory (MB): peak = 589.918 ; gain = 379.344
Finished IO Insertion : Time (s): cpu = 00:00:28 ; elapsed = 00:00:43 . Memory (MB): peak = 589.918 ; gain = 379.344
Finished Renaming Generated Instances : Time (s): cpu = 00:00:28 ; elapsed = 00:00:43 . Memory (MB): peak = 589.918 ; gain = 379.344
Finished Rebuilding User Hierarchy : Time (s): cpu = 00:00:28 ; elapsed = 00:00:43 . Memory (MB): peak = 589.918 ; gain = 379.344
Finished Renaming Generated Ports : Time (s): cpu = 00:00:28 ; elapsed = 00:00:43 . Memory (MB): peak = 589.918 ; gain = 379.344
Finished Handling Custom Attributes : Time (s): cpu = 00:00:28 ; elapsed = 00:00:43 . Memory (MB): peak = 589.918 ; gain = 379.344
Finished Renaming Generated Nets : Time (s): cpu = 00:00:28 ; elapsed = 00:00:43 . Memory (MB): peak = 589.918 ; gain = 379.344

Report Cell Usage: 
+------+-----------+------+
|      |Cell       |Count |
+------+-----------+------+
|1     |BUFG       |     2|
|2     |MMCME2_ADV |     1|
|3     |IBUF       |     1|
+------+-----------+------+
Finished Writing Synthesis Report : Time (s): cpu = 00:00:28 ; elapsed = 00:00:43 . Memory (MB): peak = 589.918 ; gain = 379.344
synth_design: Time (s): cpu = 00:00:29 ; elapsed = 00:00:37 . Memory (MB): peak = 970.922 ; gain = 744.379
