
*** Running vivado
    with args -log m_main.vds -m64 -product Vivado -mode batch -messageDb vivado.pb -notrace -source m_main.tcl


****** Vivado v2016.4 (64-bit)
  **** SW Build 1756540 on Mon Jan 23 19:11:23 MST 2017
  **** IP Build 1755317 on Mon Jan 23 20:30:07 MST 2017
    ** Copyright 1986-2016 Xilinx, Inc. All Rights Reserved.

source m_main.tcl -notrace
Command: synth_design -top m_main -part xc7a100tcsg324-1
Starting synth_design
Attempting to get a license for feature 'Synthesis' and/or device 'xc7a100t'
INFO: [Common 17-349] Got license for feature 'Synthesis' and/or device 'xc7a100t'
INFO: Launching helper process for spawning children vivado processes
INFO: Helper process launched with PID 7408 
---------------------------------------------------------------------------------
Starting RTL Elaboration : Time (s): cpu = 00:00:06 ; elapsed = 00:00:15 . Memory (MB): peak = 306.398 ; gain = 96.266
---------------------------------------------------------------------------------
INFO: [Synth 8-638] synthesizing module 'm_main' [Z:/demo/demo.srcs/sources_1/new/main.v:6]
	Parameter SCREEN_WIDTH bound to: 800 - type: integer 
	Parameter SCREEN_HEIGHT bound to: 600 - type: integer 
	Parameter VRAM_DEPTH bound to: 480000 - type: integer 
	Parameter VRAM_A_WIDTH bound to: 19 - type: integer 
	Parameter VRAM_D_WIDTH bound to: 8 - type: integer 
	Parameter HA_STA bound to: 256 - type: integer 
	Parameter VA_STA bound to: 60 - type: integer 
	Parameter VA_END bound to: 540 - type: integer 
INFO: [Synth 8-3876] $readmem data file 'fighter_palette.mem' is read successfully [Z:/demo/demo.srcs/sources_1/new/main.v:72]
INFO: [Synth 8-638] synthesizing module 'clk_wiz_0' [Z:/demo/demo.runs/synth_1/.Xil/Vivado-3616-DESKTOP-5KRUO71/realtime/clk_wiz_0_stub.v:5]
INFO: [Synth 8-256] done synthesizing module 'clk_wiz_0' (1#1) [Z:/demo/demo.runs/synth_1/.Xil/Vivado-3616-DESKTOP-5KRUO71/realtime/clk_wiz_0_stub.v:5]
INFO: [Synth 8-638] synthesizing module 'sram' [Z:/demo/demo.srcs/sources_1/new/bram.v:3]
	Parameter ADDR_WIDTH bound to: 19 - type: integer 
	Parameter DATA_WIDTH bound to: 8 - type: integer 
	Parameter DEPTH bound to: 480000 - type: integer 
	Parameter MEMFILE bound to: fighter.mem - type: string 
INFO: [Synth 8-3876] $readmem data file 'fighter.mem' is read successfully [Z:/demo/demo.srcs/sources_1/new/bram.v:17]
INFO: [Synth 8-256] done synthesizing module 'sram' (2#1) [Z:/demo/demo.srcs/sources_1/new/bram.v:3]
WARNING: [Synth 8-3848] Net r_an in module/entity m_main does not have driver. [Z:/demo/demo.srcs/sources_1/new/main.v:24]
WARNING: [Synth 8-3848] Net r_sg in module/entity m_main does not have driver. [Z:/demo/demo.srcs/sources_1/new/main.v:25]
INFO: [Synth 8-256] done synthesizing module 'm_main' (3#1) [Z:/demo/demo.srcs/sources_1/new/main.v:6]
WARNING: [Synth 8-3917] design m_main has port w_led[15] driven by constant 0
WARNING: [Synth 8-3917] design m_main has port w_led[14] driven by constant 0
WARNING: [Synth 8-3917] design m_main has port w_led[13] driven by constant 0
WARNING: [Synth 8-3917] design m_main has port w_led[12] driven by constant 0
WARNING: [Synth 8-3917] design m_main has port w_led[11] driven by constant 0
WARNING: [Synth 8-3917] design m_main has port w_led[10] driven by constant 0
WARNING: [Synth 8-3917] design m_main has port w_led[9] driven by constant 0
WARNING: [Synth 8-3917] design m_main has port w_led[8] driven by constant 0
WARNING: [Synth 8-3917] design m_main has port w_led[7] driven by constant 0
WARNING: [Synth 8-3917] design m_main has port w_led[6] driven by constant 0
WARNING: [Synth 8-3917] design m_main has port w_led[5] driven by constant 0
WARNING: [Synth 8-3331] design m_main has unconnected port r_an[7]
WARNING: [Synth 8-3331] design m_main has unconnected port r_an[6]
WARNING: [Synth 8-3331] design m_main has unconnected port r_an[5]
WARNING: [Synth 8-3331] design m_main has unconnected port r_an[4]
WARNING: [Synth 8-3331] design m_main has unconnected port r_an[3]
WARNING: [Synth 8-3331] design m_main has unconnected port r_an[2]
WARNING: [Synth 8-3331] design m_main has unconnected port r_an[1]
WARNING: [Synth 8-3331] design m_main has unconnected port r_an[0]
WARNING: [Synth 8-3331] design m_main has unconnected port r_sg[6]
WARNING: [Synth 8-3331] design m_main has unconnected port r_sg[5]
WARNING: [Synth 8-3331] design m_main has unconnected port r_sg[4]
WARNING: [Synth 8-3331] design m_main has unconnected port r_sg[3]
WARNING: [Synth 8-3331] design m_main has unconnected port r_sg[2]
WARNING: [Synth 8-3331] design m_main has unconnected port r_sg[1]
WARNING: [Synth 8-3331] design m_main has unconnected port r_sg[0]
WARNING: [Synth 8-3331] design m_main has unconnected port sw[11]
WARNING: [Synth 8-3331] design m_main has unconnected port sw[10]
WARNING: [Synth 8-3331] design m_main has unconnected port sw[9]
WARNING: [Synth 8-3331] design m_main has unconnected port sw[8]
WARNING: [Synth 8-3331] design m_main has unconnected port sw[7]
WARNING: [Synth 8-3331] design m_main has unconnected port sw[6]
WARNING: [Synth 8-3331] design m_main has unconnected port sw[5]
WARNING: [Synth 8-3331] design m_main has unconnected port sw[4]
WARNING: [Synth 8-3331] design m_main has unconnected port sw[3]
WARNING: [Synth 8-3331] design m_main has unconnected port sw[2]
WARNING: [Synth 8-3331] design m_main has unconnected port sw[1]
WARNING: [Synth 8-3331] design m_main has unconnected port sw[0]
---------------------------------------------------------------------------------
Finished RTL Elaboration : Time (s): cpu = 00:00:08 ; elapsed = 00:00:18 . Memory (MB): peak = 404.508 ; gain = 194.375
---------------------------------------------------------------------------------

Report Check Netlist: 
+------+------------------+-------+---------+-------+------------------+
|      |Item              |Errors |Warnings |Status |Description       |
+------+------------------+-------+---------+-------+------------------+
|1     |multi_driven_nets |      0|        0|Passed |Multi driven nets |
+------+------------------+-------+---------+-------+------------------+
---------------------------------------------------------------------------------
Finished RTL Optimization Phase 1 : Time (s): cpu = 00:00:08 ; elapsed = 00:00:18 . Memory (MB): peak = 404.508 ; gain = 194.375
---------------------------------------------------------------------------------
WARNING: [Project 1-486] Could not resolve non-primitive black box cell 'clk_wiz_0' instantiated as 'clk_wiz' [Z:/demo/demo.srcs/sources_1/new/main.v:29]
INFO: [Device 21-403] Loading part xc7a100tcsg324-1
INFO: [Project 1-570] Preparing netlist for logic optimization

Processing XDC Constraints
Initializing timing engine
Parsing XDC File [Z:/demo/demo.runs/synth_1/.Xil/Vivado-3616-DESKTOP-5KRUO71/dcp/clk_wiz_0_in_context.xdc] for cell 'clk_wiz'
Finished Parsing XDC File [Z:/demo/demo.runs/synth_1/.Xil/Vivado-3616-DESKTOP-5KRUO71/dcp/clk_wiz_0_in_context.xdc] for cell 'clk_wiz'
Parsing XDC File [Z:/demo/demo.srcs/constrs_1/new/main.xdc]
Finished Parsing XDC File [Z:/demo/demo.srcs/constrs_1/new/main.xdc]
INFO: [Project 1-236] Implementation specific constraints were found while reading constraint file [Z:/demo/demo.srcs/constrs_1/new/main.xdc]. These constraints will be ignored for synthesis but will be used in implementation. Impacted constraints are listed in the file [.Xil/m_main_propImpl.xdc].
Resolution: To avoid this warning, move constraints listed in [.Xil/m_main_propImpl.xdc] to another XDC file and exclude this new file from synthesis with the used_in_synthesis property (File Properties dialog in GUI) and re-run elaboration/synthesis.
Parsing XDC File [Z:/demo/demo.runs/synth_1/dont_touch.xdc]
Finished Parsing XDC File [Z:/demo/demo.runs/synth_1/dont_touch.xdc]
Completed Processing XDC Constraints

INFO: [Project 1-111] Unisim Transformation Summary:
No Unisim elements were transformed.

Constraint Validation Runtime : Time (s): cpu = 00:00:00 ; elapsed = 00:00:00.016 . Memory (MB): peak = 659.605 ; gain = 0.000
---------------------------------------------------------------------------------
Finished Constraint Validation : Time (s): cpu = 00:00:16 ; elapsed = 00:00:31 . Memory (MB): peak = 659.605 ; gain = 449.473
---------------------------------------------------------------------------------
---------------------------------------------------------------------------------
Start Loading Part and Timing Information
---------------------------------------------------------------------------------
Loading part: xc7a100tcsg324-1
---------------------------------------------------------------------------------
Finished Loading Part and Timing Information : Time (s): cpu = 00:00:16 ; elapsed = 00:00:31 . Memory (MB): peak = 659.605 ; gain = 449.473
---------------------------------------------------------------------------------
---------------------------------------------------------------------------------
Start Applying 'set_property' XDC Constraints
---------------------------------------------------------------------------------
Applied set_property IO_BUFFER_TYPE = NONE for w_clk. (constraint file  Z:/demo/demo.runs/synth_1/.Xil/Vivado-3616-DESKTOP-5KRUO71/dcp/clk_wiz_0_in_context.xdc, line 3).
Applied set_property CLOCK_BUFFER_TYPE = NONE for w_clk. (constraint file  Z:/demo/demo.runs/synth_1/.Xil/Vivado-3616-DESKTOP-5KRUO71/dcp/clk_wiz_0_in_context.xdc, line 4).
Applied set_property DONT_TOUCH = true for clk_wiz. (constraint file  auto generated constraint, line ).
---------------------------------------------------------------------------------
Finished applying 'set_property' XDC Constraints : Time (s): cpu = 00:00:16 ; elapsed = 00:00:31 . Memory (MB): peak = 659.605 ; gain = 449.473
---------------------------------------------------------------------------------
INFO: [Synth 8-5546] ROM "palette" won't be mapped to RAM because it is too sparse
---------------------------------------------------------------------------------
Finished RTL Optimization Phase 2 : Time (s): cpu = 00:00:18 ; elapsed = 00:00:33 . Memory (MB): peak = 659.605 ; gain = 449.473
---------------------------------------------------------------------------------

Report RTL Partitions: 
+-+--------------+------------+----------+
| |RTL Partition |Replication |Instances |
+-+--------------+------------+----------+
+-+--------------+------------+----------+
---------------------------------------------------------------------------------
Start RTL Component Statistics 
---------------------------------------------------------------------------------
Detailed RTL Component Info : 
+---Adders : 
	   3 Input     19 Bit       Adders := 1     
	   2 Input     11 Bit       Adders := 4     
+---Registers : 
	               12 Bit    Registers := 1     
	               11 Bit    Registers := 4     
	                8 Bit    Registers := 1     
	                4 Bit    Registers := 3     
	                1 Bit    Registers := 2     
+---RAMs : 
	            3750K Bit         RAMs := 1     
+---Muxes : 
	  65 Input     12 Bit        Muxes := 1     
	   2 Input     11 Bit        Muxes := 2     
	   2 Input      3 Bit        Muxes := 2     
	   2 Input      2 Bit        Muxes := 2     
---------------------------------------------------------------------------------
Finished RTL Component Statistics 
---------------------------------------------------------------------------------
---------------------------------------------------------------------------------
Start RTL Hierarchical Component Statistics 
---------------------------------------------------------------------------------
Hierarchical RTL Component report 
Module m_main 
Detailed RTL Component Info : 
+---Adders : 
	   3 Input     19 Bit       Adders := 1     
	   2 Input     11 Bit       Adders := 4     
+---Registers : 
	               12 Bit    Registers := 1     
	               11 Bit    Registers := 4     
	                4 Bit    Registers := 3     
	                1 Bit    Registers := 2     
+---Muxes : 
	  65 Input     12 Bit        Muxes := 1     
	   2 Input     11 Bit        Muxes := 2     
	   2 Input      3 Bit        Muxes := 2     
	   2 Input      2 Bit        Muxes := 2     
Module sram 
Detailed RTL Component Info : 
+---Registers : 
	                8 Bit    Registers := 1     
+---RAMs : 
	            3750K Bit         RAMs := 1     
---------------------------------------------------------------------------------
Finished RTL Hierarchical Component Statistics
---------------------------------------------------------------------------------
---------------------------------------------------------------------------------
Start Part Resource Summary
---------------------------------------------------------------------------------
Part Resources:
DSPs: 240 (col length:80)
BRAMs: 270 (col length: RAMB18 80 RAMB36 40)
---------------------------------------------------------------------------------
Finished Part Resource Summary
---------------------------------------------------------------------------------
---------------------------------------------------------------------------------
Start Cross Boundary and Area Optimization
---------------------------------------------------------------------------------
WARNING: [Synth 8-3917] design m_main has port w_led[15] driven by constant 0
WARNING: [Synth 8-3917] design m_main has port w_led[14] driven by constant 0
WARNING: [Synth 8-3917] design m_main has port w_led[13] driven by constant 0
WARNING: [Synth 8-3917] design m_main has port w_led[12] driven by constant 0
WARNING: [Synth 8-3917] design m_main has port w_led[11] driven by constant 0
WARNING: [Synth 8-3917] design m_main has port w_led[10] driven by constant 0
WARNING: [Synth 8-3917] design m_main has port w_led[9] driven by constant 0
WARNING: [Synth 8-3917] design m_main has port w_led[8] driven by constant 0
WARNING: [Synth 8-3917] design m_main has port w_led[7] driven by constant 0
WARNING: [Synth 8-3917] design m_main has port w_led[6] driven by constant 0
WARNING: [Synth 8-3917] design m_main has port w_led[5] driven by constant 0
WARNING: [Synth 8-3331] design m_main has unconnected port r_an[7]
WARNING: [Synth 8-3331] design m_main has unconnected port r_an[6]
WARNING: [Synth 8-3331] design m_main has unconnected port r_an[5]
WARNING: [Synth 8-3331] design m_main has unconnected port r_an[4]
WARNING: [Synth 8-3331] design m_main has unconnected port r_an[3]
WARNING: [Synth 8-3331] design m_main has unconnected port r_an[2]
WARNING: [Synth 8-3331] design m_main has unconnected port r_an[1]
WARNING: [Synth 8-3331] design m_main has unconnected port r_an[0]
WARNING: [Synth 8-3331] design m_main has unconnected port r_sg[6]
WARNING: [Synth 8-3331] design m_main has unconnected port r_sg[5]
WARNING: [Synth 8-3331] design m_main has unconnected port r_sg[4]
WARNING: [Synth 8-3331] design m_main has unconnected port r_sg[3]
WARNING: [Synth 8-3331] design m_main has unconnected port r_sg[2]
WARNING: [Synth 8-3331] design m_main has unconnected port r_sg[1]
WARNING: [Synth 8-3331] design m_main has unconnected port r_sg[0]
WARNING: [Synth 8-3331] design m_main has unconnected port sw[11]
WARNING: [Synth 8-3331] design m_main has unconnected port sw[10]
WARNING: [Synth 8-3331] design m_main has unconnected port sw[9]
WARNING: [Synth 8-3331] design m_main has unconnected port sw[8]
WARNING: [Synth 8-3331] design m_main has unconnected port sw[7]
WARNING: [Synth 8-3331] design m_main has unconnected port sw[6]
WARNING: [Synth 8-3331] design m_main has unconnected port sw[5]
WARNING: [Synth 8-3331] design m_main has unconnected port sw[4]
WARNING: [Synth 8-3331] design m_main has unconnected port sw[3]
WARNING: [Synth 8-3331] design m_main has unconnected port sw[2]
WARNING: [Synth 8-3331] design m_main has unconnected port sw[1]
WARNING: [Synth 8-3331] design m_main has unconnected port sw[0]
WARNING: [Synth 8-3936] Found unconnected internal register 'vram_read/o_data_reg' and it is trimmed from '8' to '6' bits. [Z:/demo/demo.srcs/sources_1/new/bram.v:27]
Removed BRAM instance from module m_main due to constant propagation
Removed BRAM instance from module m_main due to constant propagation
Removed BRAM instance from module m_main due to constant propagation
Removed BRAM instance from module m_main due to constant propagation
Removed BRAM instance from module m_main due to constant propagation
Removed BRAM instance from module m_main due to constant propagation
Removed BRAM instance from module m_main due to constant propagation
Removed BRAM instance from module m_main due to constant propagation
Removed 8 RAM instances from module m_main due to constant propagation
INFO: [Synth 8-3886] merging instance 'i_1/vram_read/memory_array_reg_mux_sel__62' (FDE) to 'i_1/vram_read/memory_array_reg_mux_sel__55'
INFO: [Synth 8-3886] merging instance 'i_1/vram_read/memory_array_reg_mux_sel__61' (FDE) to 'i_1/vram_read/memory_array_reg_mux_sel__55'
INFO: [Synth 8-3886] merging instance 'i_1/vram_read/memory_array_reg_mux_sel__55' (FDE) to 'i_1/vram_read/memory_array_reg_mux_sel__60'
INFO: [Synth 8-3886] merging instance 'i_1/vram_read/memory_array_reg_mux_sel__54' (FDE) to 'i_1/vram_read/memory_array_reg_mux_sel__47'
INFO: [Synth 8-3886] merging instance 'i_1/vram_read/memory_array_reg_mux_sel__53' (FDE) to 'i_1/vram_read/memory_array_reg_mux_sel__47'
INFO: [Synth 8-3886] merging instance 'i_1/vram_read/memory_array_reg_mux_sel__47' (FDE) to 'i_1/vram_read/memory_array_reg_mux_sel__52'
INFO: [Synth 8-3886] merging instance 'i_1/vram_read/memory_array_reg_mux_sel__46' (FDE) to 'i_1/vram_read/memory_array_reg_mux_sel__52'
INFO: [Synth 8-3886] merging instance 'i_1/vram_read/memory_array_reg_mux_sel__45' (FDE) to 'i_1/vram_read/memory_array_reg_mux_sel__52'
INFO: [Synth 8-3886] merging instance 'i_1/vram_read/memory_array_reg_mux_sel__30' (FDE) to 'i_1/vram_read/memory_array_reg_mux_sel__52'
INFO: [Synth 8-3886] merging instance 'i_1/vram_read/memory_array_reg_mux_sel__29' (FDE) to 'i_1/vram_read/memory_array_reg_mux_sel__52'
INFO: [Synth 8-3886] merging instance 'i_1/vram_read/memory_array_reg_mux_sel__22' (FDE) to 'i_1/vram_read/memory_array_reg_mux_sel__52'
INFO: [Synth 8-3886] merging instance 'i_1/vram_read/memory_array_reg_mux_sel__21' (FDE) to 'i_1/vram_read/memory_array_reg_mux_sel__52'
INFO: [Synth 8-3886] merging instance 'i_1/vram_read/memory_array_reg_mux_sel__39' (FDE) to 'i_1/vram_read/memory_array_reg_mux_sel__52'
INFO: [Synth 8-3886] merging instance 'i_1/vram_read/memory_array_reg_mux_sel__31' (FDE) to 'i_1/vram_read/memory_array_reg_mux_sel__7'
INFO: [Synth 8-3886] merging instance 'i_1/vram_read/memory_array_reg_mux_sel__13' (FDE) to 'i_1/vram_read/memory_array_reg_mux_sel__7'
INFO: [Synth 8-3886] merging instance 'i_1/vram_read/memory_array_reg_mux_sel__14' (FDE) to 'i_1/vram_read/memory_array_reg_mux_sel__7'
INFO: [Synth 8-3886] merging instance 'i_1/vram_read/memory_array_reg_mux_sel__37' (FDE) to 'i_1/vram_read/memory_array_reg_mux_sel__7'
INFO: [Synth 8-3886] merging instance 'i_1/vram_read/memory_array_reg_mux_sel__38' (FDE) to 'i_1/vram_read/memory_array_reg_mux_sel__7'
INFO: [Synth 8-3886] merging instance 'i_1/vram_read/memory_array_reg_mux_sel__6' (FDE) to 'i_1/vram_read/memory_array_reg_mux_sel__7'
INFO: [Synth 8-3886] merging instance 'i_1/vram_read/memory_array_reg_mux_sel__5' (FDE) to 'i_1/vram_read/memory_array_reg_mux_sel__7'
INFO: [Synth 8-3886] merging instance 'i_1/vram_read/memory_array_reg_mux_sel__23' (FDE) to 'i_1/vram_read/memory_array_reg_mux_sel__52'
INFO: [Synth 8-3886] merging instance 'i_1/vram_read/memory_array_reg_mux_sel__15' (FDE) to 'i_1/vram_read/memory_array_reg_mux_sel__52'
INFO: [Synth 8-3886] merging instance 'i_1/vram_read/memory_array_reg_mux_sel__7' (FDE) to 'i_1/vram_read/memory_array_reg_mux_sel__8'
INFO: [Synth 8-3886] merging instance 'i_1/vram_read/memory_array_reg_mux_sel' (FDE) to 'i_1/vram_read/memory_array_reg_mux_sel__8'
INFO: [Synth 8-3886] merging instance 'i_1/vram_read/memory_array_reg_mux_sel__59' (FDE) to 'i_1/vram_read/memory_array_reg_mux_sel__60'
INFO: [Synth 8-3886] merging instance 'i_1/vram_read/memory_array_reg_mux_sel__51' (FDE) to 'i_1/vram_read/memory_array_reg_mux_sel__52'
INFO: [Synth 8-3886] merging instance 'i_1/vram_read/memory_array_reg_mux_sel__43' (FDE) to 'i_1/vram_read/memory_array_reg_mux_sel__52'
INFO: [Synth 8-3886] merging instance 'i_1/vram_read/memory_array_reg_mux_sel__35' (FDE) to 'i_1/vram_read/memory_array_reg_mux_sel__8'
INFO: [Synth 8-3886] merging instance 'i_1/vram_read/memory_array_reg_mux_sel__27' (FDE) to 'i_1/vram_read/memory_array_reg_mux_sel__52'
INFO: [Synth 8-3886] merging instance 'i_1/vram_read/memory_array_reg_mux_sel__19' (FDE) to 'i_1/vram_read/memory_array_reg_mux_sel__52'
INFO: [Synth 8-3886] merging instance 'i_1/vram_read/memory_array_reg_mux_sel__11' (FDE) to 'i_1/vram_read/memory_array_reg_mux_sel__8'
INFO: [Synth 8-3886] merging instance 'i_1/vram_read/memory_array_reg_mux_sel__3' (FDE) to 'i_1/vram_read/memory_array_reg_mux_sel__8'
INFO: [Synth 8-3886] merging instance 'i_1/vram_read/memory_array_reg_mux_sel__56' (FDE) to 'i_1/vram_read/memory_array_reg_mux_sel__60'
INFO: [Synth 8-3886] merging instance 'i_1/vram_read/memory_array_reg_mux_sel__48' (FDE) to 'i_1/vram_read/memory_array_reg_mux_sel__52'
INFO: [Synth 8-3886] merging instance 'i_1/vram_read/memory_array_reg_mux_sel__40' (FDE) to 'i_1/vram_read/memory_array_reg_mux_sel__52'
INFO: [Synth 8-3886] merging instance 'i_1/vram_read/memory_array_reg_mux_sel__32' (FDE) to 'i_1/vram_read/memory_array_reg_mux_sel__8'
INFO: [Synth 8-3886] merging instance 'i_1/vram_read/memory_array_reg_mux_sel__24' (FDE) to 'i_1/vram_read/memory_array_reg_mux_sel__52'
INFO: [Synth 8-3886] merging instance 'i_1/vram_read/memory_array_reg_mux_sel__16' (FDE) to 'i_1/vram_read/memory_array_reg_mux_sel__52'
INFO: [Synth 8-3886] merging instance 'i_1/vram_read/memory_array_reg_mux_sel__8' (FDE) to 'i_1/vram_read/memory_array_reg_mux_sel__9'
INFO: [Synth 8-3886] merging instance 'i_1/vram_read/memory_array_reg_mux_sel__0' (FDE) to 'i_1/vram_read/memory_array_reg_mux_sel__9'
INFO: [Synth 8-3886] merging instance 'i_1/vram_read/memory_array_reg_mux_sel__57' (FDE) to 'i_1/vram_read/memory_array_reg_mux_sel__60'
INFO: [Synth 8-3886] merging instance 'i_1/vram_read/memory_array_reg_mux_sel__49' (FDE) to 'i_1/vram_read/memory_array_reg_mux_sel__52'
INFO: [Synth 8-3886] merging instance 'i_1/vram_read/memory_array_reg_mux_sel__41' (FDE) to 'i_1/vram_read/memory_array_reg_mux_sel__52'
INFO: [Synth 8-3886] merging instance 'i_1/vram_read/memory_array_reg_mux_sel__33' (FDE) to 'i_1/vram_read/memory_array_reg_mux_sel__9'
INFO: [Synth 8-3886] merging instance 'i_1/vram_read/memory_array_reg_mux_sel__25' (FDE) to 'i_1/vram_read/memory_array_reg_mux_sel__52'
INFO: [Synth 8-3886] merging instance 'i_1/vram_read/memory_array_reg_mux_sel__17' (FDE) to 'i_1/vram_read/memory_array_reg_mux_sel__52'
INFO: [Synth 8-3886] merging instance 'i_1/vram_read/memory_array_reg_mux_sel__9' (FDE) to 'i_1/vram_read/memory_array_reg_mux_sel__10'
INFO: [Synth 8-3886] merging instance 'i_1/vram_read/memory_array_reg_mux_sel__1' (FDE) to 'i_1/vram_read/memory_array_reg_mux_sel__10'
INFO: [Synth 8-3886] merging instance 'i_1/vram_read/memory_array_reg_mux_sel__58' (FDE) to 'i_1/vram_read/memory_array_reg_mux_sel__60'
INFO: [Synth 8-3886] merging instance 'i_1/vram_read/memory_array_reg_mux_sel__50' (FDE) to 'i_1/vram_read/memory_array_reg_mux_sel__52'
INFO: [Synth 8-3886] merging instance 'i_1/vram_read/memory_array_reg_mux_sel__42' (FDE) to 'i_1/vram_read/memory_array_reg_mux_sel__52'
INFO: [Synth 8-3886] merging instance 'i_1/vram_read/memory_array_reg_mux_sel__34' (FDE) to 'i_1/vram_read/memory_array_reg_mux_sel__10'
INFO: [Synth 8-3886] merging instance 'i_1/vram_read/memory_array_reg_mux_sel__26' (FDE) to 'i_1/vram_read/memory_array_reg_mux_sel__52'
INFO: [Synth 8-3886] merging instance 'i_1/vram_read/memory_array_reg_mux_sel__18' (FDE) to 'i_1/vram_read/memory_array_reg_mux_sel__52'
INFO: [Synth 8-3886] merging instance 'i_1/vram_read/memory_array_reg_mux_sel__10' (FDE) to 'i_1/vram_read/memory_array_reg_mux_sel__12'
INFO: [Synth 8-3886] merging instance 'i_1/vram_read/memory_array_reg_mux_sel__2' (FDE) to 'i_1/vram_read/memory_array_reg_mux_sel__12'
INFO: [Synth 8-3886] merging instance 'i_1/vram_read/memory_array_reg_mux_sel__52' (FDE) to 'i_1/vram_read/memory_array_reg_mux_sel__44'
INFO: [Synth 8-3886] merging instance 'i_1/vram_read/memory_array_reg_mux_sel__44' (FDE) to 'i_1/vram_read/memory_array_reg_mux_sel__28'
INFO: [Synth 8-3886] merging instance 'i_1/vram_read/memory_array_reg_mux_sel__36' (FDE) to 'i_1/vram_read/memory_array_reg_mux_sel__12'
INFO: [Synth 8-3886] merging instance 'i_1/vram_read/memory_array_reg_mux_sel__28' (FDE) to 'i_1/vram_read/memory_array_reg_mux_sel__20'
INFO: [Synth 8-3886] merging instance 'i_1/vram_read/memory_array_reg_mux_sel__12' (FDE) to 'i_1/vram_read/memory_array_reg_mux_sel__4'
WARNING: [Synth 8-3332] Sequential element (vram_read/memory_array_reg_mux_sel__60) is unused and will be removed from module m_main.
---------------------------------------------------------------------------------
Finished Cross Boundary and Area Optimization : Time (s): cpu = 00:00:20 ; elapsed = 00:00:35 . Memory (MB): peak = 659.605 ; gain = 449.473
---------------------------------------------------------------------------------
---------------------------------------------------------------------------------
Start ROM, RAM, DSP and Shift Register Reporting
---------------------------------------------------------------------------------

Block RAM: Preliminary Mapping  Report (see note below)
+------------+------------------+------------------------+---+---+------------------------+---+---+------------------+--------+--------+
|Module Name | RTL Object       | PORT A (Depth x Width) | W | R | PORT B (Depth x Width) | W | R | Ports driving FF | RAMB18 | RAMB36 | 
+------------+------------------+------------------------+---+---+------------------------+---+---+------------------+--------+--------+
|sram        | memory_array_reg | 512 K x 8              | W | R |                        |   |   | Port A           | 0      | 120    | 
+------------+------------------+------------------------+---+---+------------------------+---+---+------------------+--------+--------+

Note: The table above is a preliminary report that shows the Block RAMs at the current stage of the synthesis flow. Some Block RAMs may be reimplemented as non Block RAM primitives later in the synthesis flow. Multiple instantiated Block RAMs are reported only once. 
---------------------------------------------------------------------------------
Finished ROM, RAM, DSP and Shift Register Reporting
---------------------------------------------------------------------------------

Report RTL Partitions: 
+-+--------------+------------+----------+
| |RTL Partition |Replication |Instances |
+-+--------------+------------+----------+
+-+--------------+------------+----------+
---------------------------------------------------------------------------------
Start Timing Optimization
---------------------------------------------------------------------------------
---------------------------------------------------------------------------------
Start Applying XDC Timing Constraints
---------------------------------------------------------------------------------
INFO: [Synth 8-5578] Moved timing constraint from pin 'clk_wiz/clk_out1' to pin 'clk_wiz/bbstub_clk_out1/O'
INFO: [Synth 8-5819] Moved 1 constraints on hierarchical pins to their respective driving/loading pins
---------------------------------------------------------------------------------
Finished Applying XDC Timing Constraints : Time (s): cpu = 00:00:30 ; elapsed = 00:00:46 . Memory (MB): peak = 684.016 ; gain = 473.883
---------------------------------------------------------------------------------
---------------------------------------------------------------------------------
Finished Timing Optimization : Time (s): cpu = 00:00:30 ; elapsed = 00:00:46 . Memory (MB): peak = 685.988 ; gain = 475.855
---------------------------------------------------------------------------------

Report RTL Partitions: 
+-+--------------+------------+----------+
| |RTL Partition |Replication |Instances |
+-+--------------+------------+----------+
+-+--------------+------------+----------+
---------------------------------------------------------------------------------
Start Technology Mapping
---------------------------------------------------------------------------------
INFO: [Synth 8-4480] The timing for the instance vram_read/memory_array_reg_1_0 (implemented as a block RAM) might be sub-optimal as no optional output register could be merged into the block ram. Providing additional output register may help in improving timing.
INFO: [Synth 8-4480] The timing for the instance vram_read/memory_array_reg_1_1 (implemented as a block RAM) might be sub-optimal as no optional output register could be merged into the block ram. Providing additional output register may help in improving timing.
INFO: [Synth 8-4480] The timing for the instance vram_read/memory_array_reg_1_2 (implemented as a block RAM) might be sub-optimal as no optional output register could be merged into the block ram. Providing additional output register may help in improving timing.
INFO: [Synth 8-4480] The timing for the instance vram_read/memory_array_reg_1_3 (implemented as a block RAM) might be sub-optimal as no optional output register could be merged into the block ram. Providing additional output register may help in improving timing.
INFO: [Synth 8-4480] The timing for the instance vram_read/memory_array_reg_1_4 (implemented as a block RAM) might be sub-optimal as no optional output register could be merged into the block ram. Providing additional output register may help in improving timing.
INFO: [Synth 8-4480] The timing for the instance vram_read/memory_array_reg_1_5 (implemented as a block RAM) might be sub-optimal as no optional output register could be merged into the block ram. Providing additional output register may help in improving timing.
INFO: [Synth 8-4480] The timing for the instance vram_read/memory_array_reg_3_0 (implemented as a block RAM) might be sub-optimal as no optional output register could be merged into the block ram. Providing additional output register may help in improving timing.
INFO: [Synth 8-4480] The timing for the instance vram_read/memory_array_reg_3_1 (implemented as a block RAM) might be sub-optimal as no optional output register could be merged into the block ram. Providing additional output register may help in improving timing.
INFO: [Synth 8-4480] The timing for the instance vram_read/memory_array_reg_3_2 (implemented as a block RAM) might be sub-optimal as no optional output register could be merged into the block ram. Providing additional output register may help in improving timing.
INFO: [Synth 8-4480] The timing for the instance vram_read/memory_array_reg_3_3 (implemented as a block RAM) might be sub-optimal as no optional output register could be merged into the block ram. Providing additional output register may help in improving timing.
INFO: [Synth 8-4480] The timing for the instance vram_read/memory_array_reg_3_4 (implemented as a block RAM) might be sub-optimal as no optional output register could be merged into the block ram. Providing additional output register may help in improving timing.
INFO: [Synth 8-4480] The timing for the instance vram_read/memory_array_reg_3_5 (implemented as a block RAM) might be sub-optimal as no optional output register could be merged into the block ram. Providing additional output register may help in improving timing.
INFO: [Synth 8-4480] The timing for the instance vram_read/memory_array_reg_13_0 (implemented as a block RAM) might be sub-optimal as no optional output register could be merged into the block ram. Providing additional output register may help in improving timing.
INFO: [Synth 8-4480] The timing for the instance vram_read/memory_array_reg_13_1 (implemented as a block RAM) might be sub-optimal as no optional output register could be merged into the block ram. Providing additional output register may help in improving timing.
INFO: [Synth 8-4480] The timing for the instance vram_read/memory_array_reg_13_2 (implemented as a block RAM) might be sub-optimal as no optional output register could be merged into the block ram. Providing additional output register may help in improving timing.
INFO: [Synth 8-4480] The timing for the instance vram_read/memory_array_reg_13_3 (implemented as a block RAM) might be sub-optimal as no optional output register could be merged into the block ram. Providing additional output register may help in improving timing.
INFO: [Synth 8-4480] The timing for the instance vram_read/memory_array_reg_13_4 (implemented as a block RAM) might be sub-optimal as no optional output register could be merged into the block ram. Providing additional output register may help in improving timing.
INFO: [Synth 8-4480] The timing for the instance vram_read/memory_array_reg_13_5 (implemented as a block RAM) might be sub-optimal as no optional output register could be merged into the block ram. Providing additional output register may help in improving timing.
---------------------------------------------------------------------------------
Finished Technology Mapping : Time (s): cpu = 00:00:31 ; elapsed = 00:00:47 . Memory (MB): peak = 707.910 ; gain = 497.777
---------------------------------------------------------------------------------

Report RTL Partitions: 
+-+--------------+------------+----------+
| |RTL Partition |Replication |Instances |
+-+--------------+------------+----------+
+-+--------------+------------+----------+
---------------------------------------------------------------------------------
Start IO Insertion
---------------------------------------------------------------------------------
---------------------------------------------------------------------------------
Start Flattening Before IO Insertion
---------------------------------------------------------------------------------
---------------------------------------------------------------------------------
Finished Flattening Before IO Insertion
---------------------------------------------------------------------------------
---------------------------------------------------------------------------------
Start Final Netlist Cleanup
---------------------------------------------------------------------------------
---------------------------------------------------------------------------------
Finished Final Netlist Cleanup
---------------------------------------------------------------------------------
---------------------------------------------------------------------------------
Finished IO Insertion : Time (s): cpu = 00:00:33 ; elapsed = 00:00:49 . Memory (MB): peak = 707.910 ; gain = 497.777
---------------------------------------------------------------------------------

Report Check Netlist: 
+------+------------------+-------+---------+-------+------------------+
|      |Item              |Errors |Warnings |Status |Description       |
+------+------------------+-------+---------+-------+------------------+
|1     |multi_driven_nets |      0|        0|Passed |Multi driven nets |
+------+------------------+-------+---------+-------+------------------+
---------------------------------------------------------------------------------
Start Renaming Generated Instances
---------------------------------------------------------------------------------
---------------------------------------------------------------------------------
Finished Renaming Generated Instances : Time (s): cpu = 00:00:33 ; elapsed = 00:00:49 . Memory (MB): peak = 707.910 ; gain = 497.777
---------------------------------------------------------------------------------

Report RTL Partitions: 
+-+--------------+------------+----------+
| |RTL Partition |Replication |Instances |
+-+--------------+------------+----------+
+-+--------------+------------+----------+
---------------------------------------------------------------------------------
Start Rebuilding User Hierarchy
---------------------------------------------------------------------------------
---------------------------------------------------------------------------------
Finished Rebuilding User Hierarchy : Time (s): cpu = 00:00:33 ; elapsed = 00:00:49 . Memory (MB): peak = 707.910 ; gain = 497.777
---------------------------------------------------------------------------------
---------------------------------------------------------------------------------
Start Renaming Generated Ports
---------------------------------------------------------------------------------
---------------------------------------------------------------------------------
Finished Renaming Generated Ports : Time (s): cpu = 00:00:33 ; elapsed = 00:00:49 . Memory (MB): peak = 707.910 ; gain = 497.777
---------------------------------------------------------------------------------
---------------------------------------------------------------------------------
Start Handling Custom Attributes
---------------------------------------------------------------------------------
---------------------------------------------------------------------------------
Finished Handling Custom Attributes : Time (s): cpu = 00:00:33 ; elapsed = 00:00:49 . Memory (MB): peak = 707.910 ; gain = 497.777
---------------------------------------------------------------------------------
---------------------------------------------------------------------------------
Start Renaming Generated Nets
---------------------------------------------------------------------------------
---------------------------------------------------------------------------------
Finished Renaming Generated Nets : Time (s): cpu = 00:00:33 ; elapsed = 00:00:49 . Memory (MB): peak = 707.910 ; gain = 497.777
---------------------------------------------------------------------------------
---------------------------------------------------------------------------------
Start Writing Synthesis Report
---------------------------------------------------------------------------------

Report BlackBoxes: 
+------+--------------+----------+
|      |BlackBox name |Instances |
+------+--------------+----------+
|1     |clk_wiz_0     |         1|
+------+--------------+----------+

Report Cell Usage: 
+------+-----------+------+
|      |Cell       |Count |
+------+-----------+------+
|1     |clk_wiz_0  |     1|
|2     |CARRY4     |     7|
|3     |LUT1       |     7|
|4     |LUT2       |    31|
|5     |LUT3       |    10|
|6     |LUT4       |    10|
|7     |LUT5       |    16|
|8     |LUT6       |    25|
|9     |RAMB36E1   |     1|
|10    |RAMB36E1_1 |    18|
|11    |RAMB36E1_2 |     1|
|12    |RAMB36E1_3 |     1|
|13    |RAMB36E1_4 |     1|
|14    |RAMB36E1_5 |     1|
|15    |RAMB36E1_6 |     1|
|16    |RAMB36E1_7 |    12|
|17    |FDRE       |    62|
|18    |FDSE       |    10|
|19    |IBUF       |     5|
|20    |OBUF       |    30|
|21    |OBUFT      |    15|
+------+-----------+------+

Report Instance Areas: 
+------+------------+-------+------+
|      |Instance    |Module |Cells |
+------+------------+-------+------+
|1     |top         |       |   266|
|2     |  vram_read |sram   |    89|
+------+------------+-------+------+
---------------------------------------------------------------------------------
Finished Writing Synthesis Report : Time (s): cpu = 00:00:33 ; elapsed = 00:00:49 . Memory (MB): peak = 707.910 ; gain = 497.777
---------------------------------------------------------------------------------
Synthesis finished with 0 errors, 0 critical warnings and 40 warnings.
Synthesis Optimization Runtime : Time (s): cpu = 00:00:20 ; elapsed = 00:00:28 . Memory (MB): peak = 707.910 ; gain = 219.328
Synthesis Optimization Complete : Time (s): cpu = 00:00:33 ; elapsed = 00:00:49 . Memory (MB): peak = 707.910 ; gain = 497.777
INFO: [Project 1-571] Translating synthesized netlist
INFO: [Netlist 29-17] Analyzing 48 Unisim elements for replacement
INFO: [Netlist 29-28] Unisim Transformation completed in 0 CPU seconds
INFO: [Project 1-570] Preparing netlist for logic optimization
INFO: [Opt 31-138] Pushed 0 inverter(s) to 0 load pin(s).
INFO: [Project 1-111] Unisim Transformation Summary:
No Unisim elements were transformed.

INFO: [Common 17-83] Releasing license: Synthesis
105 Infos, 81 Warnings, 0 Critical Warnings and 0 Errors encountered.
synth_design completed successfully
synth_design: Time (s): cpu = 00:00:31 ; elapsed = 00:00:41 . Memory (MB): peak = 708.961 ; gain = 481.875
INFO: [Common 17-1381] The checkpoint 'Z:/demo/demo.runs/synth_1/m_main.dcp' has been generated.
report_utilization: Time (s): cpu = 00:00:00 ; elapsed = 00:00:00.033 . Memory (MB): peak = 708.961 ; gain = 0.000
INFO: [Common 17-206] Exiting Vivado at Wed Nov 07 15:01:51 2018...
